<?xml version="1.0" encoding="UTF-8"?>
<TestRun id="f1f1e578-3e40-4815-b300-7bb6509f5cdc" name="imran@IMRAN_430 2016-02-18 16:26:37" runUser="IMRAN_430\imran" xmlns="http://microsoft.com/schemas/VisualStudio/TeamTest/2010">
  <TestSettings name="Local" id="06aa672b-ecdb-4201-88bb-f623641cdac0">
    <Description>These are default test settings for a local test run.</Description>
    <Deployment enabled="false" runDeploymentRoot="imran_IMRAN_430 2016-02-18 16_26_37">
      <DeploymentItem filename="D:\aspose\swagger\swagger-codegen-2.0.17\aspose\csharp\tasks\bin\Debug\Aspose.Tasks-Cloud.exe" />
      <DeploymentItem filename="D:\aspose\swagger\swagger-codegen-2.0.17\aspose\csharp\tasks\packages\Newtonsoft.Json.8.0.2\lib\net20\Newtonsoft.Json.dll" />
      <DeploymentItem filename="D:\aspose\swagger\swagger-codegen-2.0.17\aspose\csharp\tasks\packages\LinqBridge.1.3.0\lib\net20\LinqBridge.dll" />
      <DeploymentItem filename="D:\aspose\swagger\swagger-codegen-2.0.17\aspose\csharp\tasks\packages\Aspose.Storage-Cloud.1.0.2\lib\net20\Aspose.Storage-Cloud.dll" />
    </Deployment>
    <Execution>
      <TestTypeSpecific />
      <AgentRule name="Execution Agents">
      </AgentRule>
    </Execution>
  </TestSettings>
  <Times creation="2016-02-18T16:26:37.9767047+05:00" queuing="2016-02-18T16:26:38.0057457+05:00" start="2016-02-18T16:26:38.0117558+05:00" finish="2016-02-18T16:26:46.2137508+05:00" />
  <ResultSummary outcome="Failed">
    <Counters total="1" executed="1" error="0" failed="1" timeout="0" aborted="0" inconclusive="0" passedButRunAborted="0" notRunnable="0" notExecuted="0" disconnected="0" warning="0" passed="0" completed="0" inProgress="0" pending="0" />
  </ResultSummary>
  <TestDefinitions>
    <UnitTest name="TestGetRiskAnalysisReport" storage="d:\aspose\swagger\swagger-codegen-2.0.17\aspose\csharp\taskstest\bin\debug\taskstest.dll" id="4b444b04-a176-4f7c-acb0-bae7f625cc44">
      <Execution id="6ee69954-2057-452c-aee1-15f17f0b01e0" />
      <TestMethod codeBase="D:/aspose/swagger/swagger-codegen-2.0.17/aspose/csharp/TasksTest/bin/Debug/TasksTest.DLL" adapterTypeName="Microsoft.VisualStudio.TestTools.TestTypes.Unit.UnitTestAdapter, Microsoft.VisualStudio.QualityTools.Tips.UnitTest.Adapter, Version=10.0.0.0, Culture=neutral, PublicKeyToken=b03f5f7f11d50a3a" className="TasksTest.TestTasksApi, TasksTest, Version=1.0.0.0, Culture=neutral, PublicKeyToken=null" name="TestGetRiskAnalysisReport" />
    </UnitTest>
  </TestDefinitions>
  <TestLists>
    <TestList name="All Loaded Results" id="19431567-8539-422a-85d7-44ee4e166bda" />
    <TestList name="Lists of Results" id="8c43106b-9dc1-4907-a29f-aa66a61bf5b6" />
    <TestList name="GET" id="7d7a5b77-3197-4fbd-bce0-d274b520a012" parentListId="8c43106b-9dc1-4907-a29f-aa66a61bf5b6">
      <TestLinks>
        <TestLink id="f3718897-d8be-32b0-d4f3-b4f5574ef150" name="TestGetProjectAssignments" storage="d:\aspose\swagger\swagger-codegen-2.0.17\aspose\csharp\taskstest\bin\debug\taskstest.dll" type="Microsoft.VisualStudio.TestTools.TestTypes.Unit.UnitTestElement, Microsoft.VisualStudio.QualityTools.Tips.UnitTest.ObjectModel, Version=10.0.0.0, Culture=neutral, PublicKeyToken=b03f5f7f11d50a3a" />
        <TestLink id="c9acc799-ecd5-b90a-551b-4e06e875f6f4" name="TestGetDocumentProperties" storage="d:\aspose\swagger\swagger-codegen-2.0.17\aspose\csharp\taskstest\bin\debug\taskstest.dll" type="Microsoft.VisualStudio.TestTools.TestTypes.Unit.UnitTestElement, Microsoft.VisualStudio.QualityTools.Tips.UnitTest.ObjectModel, Version=10.0.0.0, Culture=neutral, PublicKeyToken=b03f5f7f11d50a3a" />
        <TestLink id="6c8a59a8-2ffe-e8c8-a3ec-7bbb6d4ea7b9" name="TestGetProjectAssignment" storage="d:\aspose\swagger\swagger-codegen-2.0.17\aspose\csharp\taskstest\bin\debug\taskstest.dll" type="Microsoft.VisualStudio.TestTools.TestTypes.Unit.UnitTestElement, Microsoft.VisualStudio.QualityTools.Tips.UnitTest.ObjectModel, Version=10.0.0.0, Culture=neutral, PublicKeyToken=b03f5f7f11d50a3a" />
        <TestLink id="e49f3b78-efd4-6f23-5072-88363128f704" name="TestGetCriticalPath" storage="d:\aspose\swagger\swagger-codegen-2.0.17\aspose\csharp\taskstest\bin\debug\taskstest.dll" type="Microsoft.VisualStudio.TestTools.TestTypes.Unit.UnitTestElement, Microsoft.VisualStudio.QualityTools.Tips.UnitTest.ObjectModel, Version=10.0.0.0, Culture=neutral, PublicKeyToken=b03f5f7f11d50a3a" />
        <TestLink id="fd1a00b0-0239-b155-a15c-4acde973db8b" name="TestGetProjectTask" storage="d:\aspose\swagger\swagger-codegen-2.0.17\aspose\csharp\taskstest\bin\debug\taskstest.dll" type="Microsoft.VisualStudio.TestTools.TestTypes.Unit.UnitTestElement, Microsoft.VisualStudio.QualityTools.Tips.UnitTest.ObjectModel, Version=10.0.0.0, Culture=neutral, PublicKeyToken=b03f5f7f11d50a3a" />
        <TestLink id="26b08786-691c-4a01-ac35-d7a3236e043f" name="TestGetOutlineCodes" storage="d:\aspose\swagger\swagger-codegen-2.0.17\aspose\csharp\taskstest\bin\debug\taskstest.dll" type="Microsoft.VisualStudio.TestTools.TestTypes.Unit.UnitTestElement, Microsoft.VisualStudio.QualityTools.Tips.UnitTest.ObjectModel, Version=10.0.0.0, Culture=neutral, PublicKeyToken=b03f5f7f11d50a3a" />
        <TestLink id="dd0d4818-0761-66e2-d6b8-f02821f04dba" name="TestGetOutlineCodeByIndex" storage="d:\aspose\swagger\swagger-codegen-2.0.17\aspose\csharp\taskstest\bin\debug\taskstest.dll" type="Microsoft.VisualStudio.TestTools.TestTypes.Unit.UnitTestElement, Microsoft.VisualStudio.QualityTools.Tips.UnitTest.ObjectModel, Version=10.0.0.0, Culture=neutral, PublicKeyToken=b03f5f7f11d50a3a" />
        <TestLink id="52f4c365-a4f1-4cb5-c09a-0202fdc31000" name="TestGetProjectResource" storage="d:\aspose\swagger\swagger-codegen-2.0.17\aspose\csharp\taskstest\bin\debug\taskstest.dll" type="Microsoft.VisualStudio.TestTools.TestTypes.Unit.UnitTestElement, Microsoft.VisualStudio.QualityTools.Tips.UnitTest.ObjectModel, Version=10.0.0.0, Culture=neutral, PublicKeyToken=b03f5f7f11d50a3a" />
        <TestLink id="5d3bc691-726e-a1ff-9d5f-2ef5f29aa64a" name="TestGetExtendedAttributeByIndex" storage="d:\aspose\swagger\swagger-codegen-2.0.17\aspose\csharp\taskstest\bin\debug\taskstest.dll" type="Microsoft.VisualStudio.TestTools.TestTypes.Unit.UnitTestElement, Microsoft.VisualStudio.QualityTools.Tips.UnitTest.ObjectModel, Version=10.0.0.0, Culture=neutral, PublicKeyToken=b03f5f7f11d50a3a" />
        <TestLink id="dd1bc063-939b-bf15-46b4-d89de2c0f4fc" name="TestGetTaskDocumentWithFormat" storage="d:\aspose\swagger\swagger-codegen-2.0.17\aspose\csharp\taskstest\bin\debug\taskstest.dll" type="Microsoft.VisualStudio.TestTools.TestTypes.Unit.UnitTestElement, Microsoft.VisualStudio.QualityTools.Tips.UnitTest.ObjectModel, Version=10.0.0.0, Culture=neutral, PublicKeyToken=b03f5f7f11d50a3a" />
        <TestLink id="2aff4414-9426-866f-7505-e1f90565ae3a" name="TestGetCalendarExceptions" storage="d:\aspose\swagger\swagger-codegen-2.0.17\aspose\csharp\taskstest\bin\debug\taskstest.dll" type="Microsoft.VisualStudio.TestTools.TestTypes.Unit.UnitTestElement, Microsoft.VisualStudio.QualityTools.Tips.UnitTest.ObjectModel, Version=10.0.0.0, Culture=neutral, PublicKeyToken=b03f5f7f11d50a3a" />
        <TestLink id="e38fcfd1-6dd6-2aa1-4be2-9084d599cb7a" name="TestGetTaskAssignments" storage="d:\aspose\swagger\swagger-codegen-2.0.17\aspose\csharp\taskstest\bin\debug\taskstest.dll" type="Microsoft.VisualStudio.TestTools.TestTypes.Unit.UnitTestElement, Microsoft.VisualStudio.QualityTools.Tips.UnitTest.ObjectModel, Version=10.0.0.0, Culture=neutral, PublicKeyToken=b03f5f7f11d50a3a" />
        <TestLink id="2003ea5e-d9d2-1489-0839-1f0fa68a7dc0" name="TestGetProjectCalendar" storage="d:\aspose\swagger\swagger-codegen-2.0.17\aspose\csharp\taskstest\bin\debug\taskstest.dll" type="Microsoft.VisualStudio.TestTools.TestTypes.Unit.UnitTestElement, Microsoft.VisualStudio.QualityTools.Tips.UnitTest.ObjectModel, Version=10.0.0.0, Culture=neutral, PublicKeyToken=b03f5f7f11d50a3a" />
        <TestLink id="7e7f6f6e-f10b-6b2c-f69d-371ceb024a84" name="TestGetProjectWbsDefinition" storage="d:\aspose\swagger\swagger-codegen-2.0.17\aspose\csharp\taskstest\bin\debug\taskstest.dll" type="Microsoft.VisualStudio.TestTools.TestTypes.Unit.UnitTestElement, Microsoft.VisualStudio.QualityTools.Tips.UnitTest.ObjectModel, Version=10.0.0.0, Culture=neutral, PublicKeyToken=b03f5f7f11d50a3a" />
        <TestLink id="7fa7562c-6eaf-c139-263b-f4cdac6a7a6e" name="TestGetTaskRecurringInfo" storage="d:\aspose\swagger\swagger-codegen-2.0.17\aspose\csharp\taskstest\bin\debug\taskstest.dll" type="Microsoft.VisualStudio.TestTools.TestTypes.Unit.UnitTestElement, Microsoft.VisualStudio.QualityTools.Tips.UnitTest.ObjectModel, Version=10.0.0.0, Culture=neutral, PublicKeyToken=b03f5f7f11d50a3a" />
        <TestLink id="747b005f-92df-0491-2170-7c7f97af650f" name="TestGetTaskLinks" storage="d:\aspose\swagger\swagger-codegen-2.0.17\aspose\csharp\taskstest\bin\debug\taskstest.dll" type="Microsoft.VisualStudio.TestTools.TestTypes.Unit.UnitTestElement, Microsoft.VisualStudio.QualityTools.Tips.UnitTest.ObjectModel, Version=10.0.0.0, Culture=neutral, PublicKeyToken=b03f5f7f11d50a3a" />
        <TestLink id="f5f2dd5a-3482-de21-3b6a-f66f5988a505" name="TestGetTaskDocument" storage="d:\aspose\swagger\swagger-codegen-2.0.17\aspose\csharp\taskstest\bin\debug\taskstest.dll" type="Microsoft.VisualStudio.TestTools.TestTypes.Unit.UnitTestElement, Microsoft.VisualStudio.QualityTools.Tips.UnitTest.ObjectModel, Version=10.0.0.0, Culture=neutral, PublicKeyToken=b03f5f7f11d50a3a" />
        <TestLink id="a9087dc2-0995-18b4-70d7-712fa8a8b4fc" name="TestGetExtendedAttributes" storage="d:\aspose\swagger\swagger-codegen-2.0.17\aspose\csharp\taskstest\bin\debug\taskstest.dll" type="Microsoft.VisualStudio.TestTools.TestTypes.Unit.UnitTestElement, Microsoft.VisualStudio.QualityTools.Tips.UnitTest.ObjectModel, Version=10.0.0.0, Culture=neutral, PublicKeyToken=b03f5f7f11d50a3a" />
        <TestLink id="d76b4a2f-bef5-bfc9-2de5-797168c16b5e" name="TestGetResourceAssignments" storage="d:\aspose\swagger\swagger-codegen-2.0.17\aspose\csharp\taskstest\bin\debug\taskstest.dll" type="Microsoft.VisualStudio.TestTools.TestTypes.Unit.UnitTestElement, Microsoft.VisualStudio.QualityTools.Tips.UnitTest.ObjectModel, Version=10.0.0.0, Culture=neutral, PublicKeyToken=b03f5f7f11d50a3a" />
        <TestLink id="201d4959-a5df-a3e5-23fa-72fdc5162e83" name="TestGetDocumentProperty" storage="d:\aspose\swagger\swagger-codegen-2.0.17\aspose\csharp\taskstest\bin\debug\taskstest.dll" type="Microsoft.VisualStudio.TestTools.TestTypes.Unit.UnitTestElement, Microsoft.VisualStudio.QualityTools.Tips.UnitTest.ObjectModel, Version=10.0.0.0, Culture=neutral, PublicKeyToken=b03f5f7f11d50a3a" />
        <TestLink id="655a3c6b-a2dc-6847-0800-bf161f7ee1be" name="TestGetProjectResources" storage="d:\aspose\swagger\swagger-codegen-2.0.17\aspose\csharp\taskstest\bin\debug\taskstest.dll" type="Microsoft.VisualStudio.TestTools.TestTypes.Unit.UnitTestElement, Microsoft.VisualStudio.QualityTools.Tips.UnitTest.ObjectModel, Version=10.0.0.0, Culture=neutral, PublicKeyToken=b03f5f7f11d50a3a" />
        <TestLink id="4b444b04-a176-4f7c-acb0-bae7f625cc44" name="TestGetRiskAnalysisReport" storage="d:\aspose\swagger\swagger-codegen-2.0.17\aspose\csharp\taskstest\bin\debug\taskstest.dll" type="Microsoft.VisualStudio.TestTools.TestTypes.Unit.UnitTestElement, Microsoft.VisualStudio.QualityTools.Tips.UnitTest.ObjectModel, Version=10.0.0.0, Culture=neutral, PublicKeyToken=b03f5f7f11d50a3a" />
        <TestLink id="6c985809-4a24-78e1-4a61-efffb1040fa2" name="TestGetProjectCalendars" storage="d:\aspose\swagger\swagger-codegen-2.0.17\aspose\csharp\taskstest\bin\debug\taskstest.dll" type="Microsoft.VisualStudio.TestTools.TestTypes.Unit.UnitTestElement, Microsoft.VisualStudio.QualityTools.Tips.UnitTest.ObjectModel, Version=10.0.0.0, Culture=neutral, PublicKeyToken=b03f5f7f11d50a3a" />
        <TestLink id="17cbb7bc-1558-ac02-4cef-e556d773f25c" name="TestGetProjectTasks" storage="d:\aspose\swagger\swagger-codegen-2.0.17\aspose\csharp\taskstest\bin\debug\taskstest.dll" type="Microsoft.VisualStudio.TestTools.TestTypes.Unit.UnitTestElement, Microsoft.VisualStudio.QualityTools.Tips.UnitTest.ObjectModel, Version=10.0.0.0, Culture=neutral, PublicKeyToken=b03f5f7f11d50a3a" />
        <TestLink id="0b4b46f6-273c-e14f-0369-fda3c17aca30" name="TestGetReportPdf" storage="d:\aspose\swagger\swagger-codegen-2.0.17\aspose\csharp\taskstest\bin\debug\taskstest.dll" type="Microsoft.VisualStudio.TestTools.TestTypes.Unit.UnitTestElement, Microsoft.VisualStudio.QualityTools.Tips.UnitTest.ObjectModel, Version=10.0.0.0, Culture=neutral, PublicKeyToken=b03f5f7f11d50a3a" />
      </TestLinks>
    </TestList>
  </TestLists>
  <TestEntries>
    <TestEntry testId="4b444b04-a176-4f7c-acb0-bae7f625cc44" executionId="6ee69954-2057-452c-aee1-15f17f0b01e0" testListId="7d7a5b77-3197-4fbd-bce0-d274b520a012" />
  </TestEntries>
  <Results>
    <UnitTestResult executionId="6ee69954-2057-452c-aee1-15f17f0b01e0" testId="4b444b04-a176-4f7c-acb0-bae7f625cc44" testName="TestGetRiskAnalysisReport" computerName="IMRAN_430" duration="00:00:07.9899960" startTime="2016-02-18T16:26:38.0137426+05:00" endTime="2016-02-18T16:26:46.1997594+05:00" testType="13cdc9d9-ddb5-4fa4-a97d-d965ccfc6d4b" outcome="Failed" testListId="7d7a5b77-3197-4fbd-bce0-d274b520a012" relativeResultsDirectory="6ee69954-2057-452c-aee1-15f17f0b01e0">
      <Output>
        <ErrorInfo>
          <Message>Assert.AreEqual failed. Expected:&lt;200 (System.String)&gt;. Actual:&lt;200 (System.Int32)&gt;. </Message>
          <StackTrace>   at TasksTest.TestTasksApi.TestGetRiskAnalysisReport() in D:\aspose\swagger\swagger-codegen-2.0.17\aspose\csharp\TasksTest\TasksApiTest.cs:line 660
</StackTrace>
        </ErrorInfo>
      </Output>
    </UnitTestResult>
  </Results>
</TestRun>