<?xml version="1.0" encoding="UTF-8"?>
<TestRun id="333aa075-7b75-4ad0-a470-ef1520e9baa6" name="imran@IMRAN_430 2016-02-18 17:06:37" runUser="IMRAN_430\imran" xmlns="http://microsoft.com/schemas/VisualStudio/TeamTest/2010">
  <TestSettings name="Local" id="06aa672b-ecdb-4201-88bb-f623641cdac0">
    <Description>These are default test settings for a local test run.</Description>
    <Deployment enabled="false" runDeploymentRoot="imran_IMRAN_430 2016-02-18 17_06_37">
      <DeploymentItem filename="D:\aspose\swagger\swagger-codegen-2.0.17\aspose\csharp\tasks\bin\Debug\Aspose.Tasks-Cloud.exe" />
      <DeploymentItem filename="D:\aspose\swagger\swagger-codegen-2.0.17\aspose\csharp\tasks\packages\Newtonsoft.Json.8.0.2\lib\net20\Newtonsoft.Json.dll" />
      <DeploymentItem filename="D:\aspose\swagger\swagger-codegen-2.0.17\aspose\csharp\tasks\packages\LinqBridge.1.3.0\lib\net20\LinqBridge.dll" />
      <DeploymentItem filename="D:\aspose\swagger\swagger-codegen-2.0.17\aspose\csharp\tasks\packages\Aspose.Storage-Cloud.1.0.2\lib\net20\Aspose.Storage-Cloud.dll" />
    </Deployment>
    <Execution>
      <TestTypeSpecific />
      <AgentRule name="Execution Agents">
      </AgentRule>
    </Execution>
  </TestSettings>
  <Times creation="2016-02-18T17:06:37.1817037+05:00" queuing="2016-02-18T17:06:37.2282197+05:00" start="2016-02-18T17:06:37.2352235+05:00" finish="2016-02-18T17:08:34.0277588+05:00" />
  <ResultSummary outcome="Completed">
    <Counters total="25" executed="25" passed="25" error="0" failed="0" timeout="0" aborted="0" inconclusive="0" passedButRunAborted="0" notRunnable="0" notExecuted="0" disconnected="0" warning="0" completed="0" inProgress="0" pending="0" />
  </ResultSummary>
  <TestDefinitions>
    <UnitTest name="TestGetTaskAssignments" storage="d:\aspose\swagger\swagger-codegen-2.0.17\aspose\csharp\taskstest\bin\debug\taskstest.dll" id="e38fcfd1-6dd6-2aa1-4be2-9084d599cb7a">
      <Execution id="b8801f6c-380e-4c81-bed9-3387630472de" />
      <TestMethod codeBase="D:/aspose/swagger/swagger-codegen-2.0.17/aspose/csharp/TasksTest/bin/Debug/TasksTest.DLL" adapterTypeName="Microsoft.VisualStudio.TestTools.TestTypes.Unit.UnitTestAdapter, Microsoft.VisualStudio.QualityTools.Tips.UnitTest.Adapter, Version=10.0.0.0, Culture=neutral, PublicKeyToken=b03f5f7f11d50a3a" className="TasksTest.TestTasksApi, TasksTest, Version=1.0.0.0, Culture=neutral, PublicKeyToken=null" name="TestGetTaskAssignments" />
    </UnitTest>
    <UnitTest name="TestGetDocumentProperties" storage="d:\aspose\swagger\swagger-codegen-2.0.17\aspose\csharp\taskstest\bin\debug\taskstest.dll" id="c9acc799-ecd5-b90a-551b-4e06e875f6f4">
      <Execution id="fea9a060-37f5-4689-992a-820d8c275864" />
      <TestMethod codeBase="D:/aspose/swagger/swagger-codegen-2.0.17/aspose/csharp/TasksTest/bin/Debug/TasksTest.DLL" adapterTypeName="Microsoft.VisualStudio.TestTools.TestTypes.Unit.UnitTestAdapter, Microsoft.VisualStudio.QualityTools.Tips.UnitTest.Adapter, Version=10.0.0.0, Culture=neutral, PublicKeyToken=b03f5f7f11d50a3a" className="TasksTest.TestTasksApi, TasksTest, Version=1.0.0.0, Culture=neutral, PublicKeyToken=null" name="TestGetDocumentProperties" />
    </UnitTest>
    <UnitTest name="TestGetProjectCalendars" storage="d:\aspose\swagger\swagger-codegen-2.0.17\aspose\csharp\taskstest\bin\debug\taskstest.dll" id="6c985809-4a24-78e1-4a61-efffb1040fa2">
      <Execution id="ca400d66-c0eb-4be4-9145-7011b06a3f3a" />
      <TestMethod codeBase="D:/aspose/swagger/swagger-codegen-2.0.17/aspose/csharp/TasksTest/bin/Debug/TasksTest.DLL" adapterTypeName="Microsoft.VisualStudio.TestTools.TestTypes.Unit.UnitTestAdapter, Microsoft.VisualStudio.QualityTools.Tips.UnitTest.Adapter, Version=10.0.0.0, Culture=neutral, PublicKeyToken=b03f5f7f11d50a3a" className="TasksTest.TestTasksApi, TasksTest, Version=1.0.0.0, Culture=neutral, PublicKeyToken=null" name="TestGetProjectCalendars" />
    </UnitTest>
    <UnitTest name="TestGetCriticalPath" storage="d:\aspose\swagger\swagger-codegen-2.0.17\aspose\csharp\taskstest\bin\debug\taskstest.dll" id="e49f3b78-efd4-6f23-5072-88363128f704">
      <Execution id="b077cec9-2797-4905-938e-e16bd435b9df" />
      <TestMethod codeBase="D:/aspose/swagger/swagger-codegen-2.0.17/aspose/csharp/TasksTest/bin/Debug/TasksTest.DLL" adapterTypeName="Microsoft.VisualStudio.TestTools.TestTypes.Unit.UnitTestAdapter, Microsoft.VisualStudio.QualityTools.Tips.UnitTest.Adapter, Version=10.0.0.0, Culture=neutral, PublicKeyToken=b03f5f7f11d50a3a" className="TasksTest.TestTasksApi, TasksTest, Version=1.0.0.0, Culture=neutral, PublicKeyToken=null" name="TestGetCriticalPath" />
    </UnitTest>
    <UnitTest name="TestGetProjectAssignment" storage="d:\aspose\swagger\swagger-codegen-2.0.17\aspose\csharp\taskstest\bin\debug\taskstest.dll" id="6c8a59a8-2ffe-e8c8-a3ec-7bbb6d4ea7b9">
      <Execution id="ffa4643b-8e35-40e1-b42f-54f870ffc3f4" />
      <TestMethod codeBase="D:/aspose/swagger/swagger-codegen-2.0.17/aspose/csharp/TasksTest/bin/Debug/TasksTest.DLL" adapterTypeName="Microsoft.VisualStudio.TestTools.TestTypes.Unit.UnitTestAdapter, Microsoft.VisualStudio.QualityTools.Tips.UnitTest.Adapter, Version=10.0.0.0, Culture=neutral, PublicKeyToken=b03f5f7f11d50a3a" className="TasksTest.TestTasksApi, TasksTest, Version=1.0.0.0, Culture=neutral, PublicKeyToken=null" name="TestGetProjectAssignment" />
    </UnitTest>
    <UnitTest name="TestGetRiskAnalysisReport" storage="d:\aspose\swagger\swagger-codegen-2.0.17\aspose\csharp\taskstest\bin\debug\taskstest.dll" id="4b444b04-a176-4f7c-acb0-bae7f625cc44">
      <Execution id="380a8f18-aa08-4a4a-a203-c192ab823f3c" />
      <TestMethod codeBase="D:/aspose/swagger/swagger-codegen-2.0.17/aspose/csharp/TasksTest/bin/Debug/TasksTest.DLL" adapterTypeName="Microsoft.VisualStudio.TestTools.TestTypes.Unit.UnitTestAdapter, Microsoft.VisualStudio.QualityTools.Tips.UnitTest.Adapter, Version=10.0.0.0, Culture=neutral, PublicKeyToken=b03f5f7f11d50a3a" className="TasksTest.TestTasksApi, TasksTest, Version=1.0.0.0, Culture=neutral, PublicKeyToken=null" name="TestGetRiskAnalysisReport" />
    </UnitTest>
    <UnitTest name="TestGetOutlineCodeByIndex" storage="d:\aspose\swagger\swagger-codegen-2.0.17\aspose\csharp\taskstest\bin\debug\taskstest.dll" id="dd0d4818-0761-66e2-d6b8-f02821f04dba">
      <Execution id="b19463b7-e360-4510-8982-e747c8eaa650" />
      <TestMethod codeBase="D:/aspose/swagger/swagger-codegen-2.0.17/aspose/csharp/TasksTest/bin/Debug/TasksTest.DLL" adapterTypeName="Microsoft.VisualStudio.TestTools.TestTypes.Unit.UnitTestAdapter, Microsoft.VisualStudio.QualityTools.Tips.UnitTest.Adapter, Version=10.0.0.0, Culture=neutral, PublicKeyToken=b03f5f7f11d50a3a" className="TasksTest.TestTasksApi, TasksTest, Version=1.0.0.0, Culture=neutral, PublicKeyToken=null" name="TestGetOutlineCodeByIndex" />
    </UnitTest>
    <UnitTest name="TestGetOutlineCodes" storage="d:\aspose\swagger\swagger-codegen-2.0.17\aspose\csharp\taskstest\bin\debug\taskstest.dll" id="26b08786-691c-4a01-ac35-d7a3236e043f">
      <Execution id="1cf602a3-9c0f-4371-8a54-1411fa3cc79b" />
      <TestMethod codeBase="D:/aspose/swagger/swagger-codegen-2.0.17/aspose/csharp/TasksTest/bin/Debug/TasksTest.DLL" adapterTypeName="Microsoft.VisualStudio.TestTools.TestTypes.Unit.UnitTestAdapter, Microsoft.VisualStudio.QualityTools.Tips.UnitTest.Adapter, Version=10.0.0.0, Culture=neutral, PublicKeyToken=b03f5f7f11d50a3a" className="TasksTest.TestTasksApi, TasksTest, Version=1.0.0.0, Culture=neutral, PublicKeyToken=null" name="TestGetOutlineCodes" />
    </UnitTest>
    <UnitTest name="TestGetExtendedAttributes" storage="d:\aspose\swagger\swagger-codegen-2.0.17\aspose\csharp\taskstest\bin\debug\taskstest.dll" id="a9087dc2-0995-18b4-70d7-712fa8a8b4fc">
      <Execution id="2e4f3084-9785-4cea-b0fa-6a32dbc02a62" />
      <TestMethod codeBase="D:/aspose/swagger/swagger-codegen-2.0.17/aspose/csharp/TasksTest/bin/Debug/TasksTest.DLL" adapterTypeName="Microsoft.VisualStudio.TestTools.TestTypes.Unit.UnitTestAdapter, Microsoft.VisualStudio.QualityTools.Tips.UnitTest.Adapter, Version=10.0.0.0, Culture=neutral, PublicKeyToken=b03f5f7f11d50a3a" className="TasksTest.TestTasksApi, TasksTest, Version=1.0.0.0, Culture=neutral, PublicKeyToken=null" name="TestGetExtendedAttributes" />
    </UnitTest>
    <UnitTest name="TestGetProjectResource" storage="d:\aspose\swagger\swagger-codegen-2.0.17\aspose\csharp\taskstest\bin\debug\taskstest.dll" id="52f4c365-a4f1-4cb5-c09a-0202fdc31000">
      <Execution id="ce608034-3cf9-484e-b950-1f795f2c8401" />
      <TestMethod codeBase="D:/aspose/swagger/swagger-codegen-2.0.17/aspose/csharp/TasksTest/bin/Debug/TasksTest.DLL" adapterTypeName="Microsoft.VisualStudio.TestTools.TestTypes.Unit.UnitTestAdapter, Microsoft.VisualStudio.QualityTools.Tips.UnitTest.Adapter, Version=10.0.0.0, Culture=neutral, PublicKeyToken=b03f5f7f11d50a3a" className="TasksTest.TestTasksApi, TasksTest, Version=1.0.0.0, Culture=neutral, PublicKeyToken=null" name="TestGetProjectResource" />
    </UnitTest>
    <UnitTest name="TestGetExtendedAttributeByIndex" storage="d:\aspose\swagger\swagger-codegen-2.0.17\aspose\csharp\taskstest\bin\debug\taskstest.dll" id="5d3bc691-726e-a1ff-9d5f-2ef5f29aa64a">
      <Execution id="2aee156f-1e78-4d66-88e4-8cc4f11d88e7" />
      <TestMethod codeBase="D:/aspose/swagger/swagger-codegen-2.0.17/aspose/csharp/TasksTest/bin/Debug/TasksTest.DLL" adapterTypeName="Microsoft.VisualStudio.TestTools.TestTypes.Unit.UnitTestAdapter, Microsoft.VisualStudio.QualityTools.Tips.UnitTest.Adapter, Version=10.0.0.0, Culture=neutral, PublicKeyToken=b03f5f7f11d50a3a" className="TasksTest.TestTasksApi, TasksTest, Version=1.0.0.0, Culture=neutral, PublicKeyToken=null" name="TestGetExtendedAttributeByIndex" />
    </UnitTest>
    <UnitTest name="TestGetProjectTasks" storage="d:\aspose\swagger\swagger-codegen-2.0.17\aspose\csharp\taskstest\bin\debug\taskstest.dll" id="17cbb7bc-1558-ac02-4cef-e556d773f25c">
      <Execution id="6d47fd4b-50d0-49c7-a081-1791e425f182" />
      <TestMethod codeBase="D:/aspose/swagger/swagger-codegen-2.0.17/aspose/csharp/TasksTest/bin/Debug/TasksTest.DLL" adapterTypeName="Microsoft.VisualStudio.TestTools.TestTypes.Unit.UnitTestAdapter, Microsoft.VisualStudio.QualityTools.Tips.UnitTest.Adapter, Version=10.0.0.0, Culture=neutral, PublicKeyToken=b03f5f7f11d50a3a" className="TasksTest.TestTasksApi, TasksTest, Version=1.0.0.0, Culture=neutral, PublicKeyToken=null" name="TestGetProjectTasks" />
    </UnitTest>
    <UnitTest name="TestGetCalendarExceptions" storage="d:\aspose\swagger\swagger-codegen-2.0.17\aspose\csharp\taskstest\bin\debug\taskstest.dll" id="2aff4414-9426-866f-7505-e1f90565ae3a">
      <Execution id="64a6f10b-213b-41ea-8821-28003c398ad3" />
      <TestMethod codeBase="D:/aspose/swagger/swagger-codegen-2.0.17/aspose/csharp/TasksTest/bin/Debug/TasksTest.DLL" adapterTypeName="Microsoft.VisualStudio.TestTools.TestTypes.Unit.UnitTestAdapter, Microsoft.VisualStudio.QualityTools.Tips.UnitTest.Adapter, Version=10.0.0.0, Culture=neutral, PublicKeyToken=b03f5f7f11d50a3a" className="TasksTest.TestTasksApi, TasksTest, Version=1.0.0.0, Culture=neutral, PublicKeyToken=null" name="TestGetCalendarExceptions" />
    </UnitTest>
    <UnitTest name="TestGetProjectTask" storage="d:\aspose\swagger\swagger-codegen-2.0.17\aspose\csharp\taskstest\bin\debug\taskstest.dll" id="fd1a00b0-0239-b155-a15c-4acde973db8b">
      <Execution id="9c93d22d-2c11-4e36-b6aa-b62c9e368a3c" />
      <TestMethod codeBase="D:/aspose/swagger/swagger-codegen-2.0.17/aspose/csharp/TasksTest/bin/Debug/TasksTest.DLL" adapterTypeName="Microsoft.VisualStudio.TestTools.TestTypes.Unit.UnitTestAdapter, Microsoft.VisualStudio.QualityTools.Tips.UnitTest.Adapter, Version=10.0.0.0, Culture=neutral, PublicKeyToken=b03f5f7f11d50a3a" className="TasksTest.TestTasksApi, TasksTest, Version=1.0.0.0, Culture=neutral, PublicKeyToken=null" name="TestGetProjectTask" />
    </UnitTest>
    <UnitTest name="TestGetProjectCalendar" storage="d:\aspose\swagger\swagger-codegen-2.0.17\aspose\csharp\taskstest\bin\debug\taskstest.dll" id="2003ea5e-d9d2-1489-0839-1f0fa68a7dc0">
      <Execution id="d7c3faa5-a26c-4c15-9cae-db56eb5f1c2e" />
      <TestMethod codeBase="D:/aspose/swagger/swagger-codegen-2.0.17/aspose/csharp/TasksTest/bin/Debug/TasksTest.DLL" adapterTypeName="Microsoft.VisualStudio.TestTools.TestTypes.Unit.UnitTestAdapter, Microsoft.VisualStudio.QualityTools.Tips.UnitTest.Adapter, Version=10.0.0.0, Culture=neutral, PublicKeyToken=b03f5f7f11d50a3a" className="TasksTest.TestTasksApi, TasksTest, Version=1.0.0.0, Culture=neutral, PublicKeyToken=null" name="TestGetProjectCalendar" />
    </UnitTest>
    <UnitTest name="TestGetProjectWbsDefinition" storage="d:\aspose\swagger\swagger-codegen-2.0.17\aspose\csharp\taskstest\bin\debug\taskstest.dll" id="7e7f6f6e-f10b-6b2c-f69d-371ceb024a84">
      <Execution id="1df30954-1a8d-4193-b867-5b93b5451cfc" />
      <TestMethod codeBase="D:/aspose/swagger/swagger-codegen-2.0.17/aspose/csharp/TasksTest/bin/Debug/TasksTest.DLL" adapterTypeName="Microsoft.VisualStudio.TestTools.TestTypes.Unit.UnitTestAdapter, Microsoft.VisualStudio.QualityTools.Tips.UnitTest.Adapter, Version=10.0.0.0, Culture=neutral, PublicKeyToken=b03f5f7f11d50a3a" className="TasksTest.TestTasksApi, TasksTest, Version=1.0.0.0, Culture=neutral, PublicKeyToken=null" name="TestGetProjectWbsDefinition" />
    </UnitTest>
    <UnitTest name="TestGetTaskRecurringInfo" storage="d:\aspose\swagger\swagger-codegen-2.0.17\aspose\csharp\taskstest\bin\debug\taskstest.dll" id="7fa7562c-6eaf-c139-263b-f4cdac6a7a6e">
      <Execution id="d46ffe02-ee81-4236-ab3b-1248e16205f4" />
      <TestMethod codeBase="D:/aspose/swagger/swagger-codegen-2.0.17/aspose/csharp/TasksTest/bin/Debug/TasksTest.DLL" adapterTypeName="Microsoft.VisualStudio.TestTools.TestTypes.Unit.UnitTestAdapter, Microsoft.VisualStudio.QualityTools.Tips.UnitTest.Adapter, Version=10.0.0.0, Culture=neutral, PublicKeyToken=b03f5f7f11d50a3a" className="TasksTest.TestTasksApi, TasksTest, Version=1.0.0.0, Culture=neutral, PublicKeyToken=null" name="TestGetTaskRecurringInfo" />
    </UnitTest>
    <UnitTest name="TestGetTaskLinks" storage="d:\aspose\swagger\swagger-codegen-2.0.17\aspose\csharp\taskstest\bin\debug\taskstest.dll" id="747b005f-92df-0491-2170-7c7f97af650f">
      <Execution id="4d2b4319-9cc8-4d3c-8501-89e807635a31" />
      <TestMethod codeBase="D:/aspose/swagger/swagger-codegen-2.0.17/aspose/csharp/TasksTest/bin/Debug/TasksTest.DLL" adapterTypeName="Microsoft.VisualStudio.TestTools.TestTypes.Unit.UnitTestAdapter, Microsoft.VisualStudio.QualityTools.Tips.UnitTest.Adapter, Version=10.0.0.0, Culture=neutral, PublicKeyToken=b03f5f7f11d50a3a" className="TasksTest.TestTasksApi, TasksTest, Version=1.0.0.0, Culture=neutral, PublicKeyToken=null" name="TestGetTaskLinks" />
    </UnitTest>
    <UnitTest name="TestGetTaskDocument" storage="d:\aspose\swagger\swagger-codegen-2.0.17\aspose\csharp\taskstest\bin\debug\taskstest.dll" id="f5f2dd5a-3482-de21-3b6a-f66f5988a505">
      <Execution id="e08dd693-43b5-4d67-b5ad-bac45348c25a" />
      <TestMethod codeBase="D:/aspose/swagger/swagger-codegen-2.0.17/aspose/csharp/TasksTest/bin/Debug/TasksTest.DLL" adapterTypeName="Microsoft.VisualStudio.TestTools.TestTypes.Unit.UnitTestAdapter, Microsoft.VisualStudio.QualityTools.Tips.UnitTest.Adapter, Version=10.0.0.0, Culture=neutral, PublicKeyToken=b03f5f7f11d50a3a" className="TasksTest.TestTasksApi, TasksTest, Version=1.0.0.0, Culture=neutral, PublicKeyToken=null" name="TestGetTaskDocument" />
    </UnitTest>
    <UnitTest name="TestGetResourceAssignments" storage="d:\aspose\swagger\swagger-codegen-2.0.17\aspose\csharp\taskstest\bin\debug\taskstest.dll" id="d76b4a2f-bef5-bfc9-2de5-797168c16b5e">
      <Execution id="d06520a4-ad92-4f83-b71f-380d644099dd" />
      <TestMethod codeBase="D:/aspose/swagger/swagger-codegen-2.0.17/aspose/csharp/TasksTest/bin/Debug/TasksTest.DLL" adapterTypeName="Microsoft.VisualStudio.TestTools.TestTypes.Unit.UnitTestAdapter, Microsoft.VisualStudio.QualityTools.Tips.UnitTest.Adapter, Version=10.0.0.0, Culture=neutral, PublicKeyToken=b03f5f7f11d50a3a" className="TasksTest.TestTasksApi, TasksTest, Version=1.0.0.0, Culture=neutral, PublicKeyToken=null" name="TestGetResourceAssignments" />
    </UnitTest>
    <UnitTest name="TestGetDocumentProperty" storage="d:\aspose\swagger\swagger-codegen-2.0.17\aspose\csharp\taskstest\bin\debug\taskstest.dll" id="201d4959-a5df-a3e5-23fa-72fdc5162e83">
      <Execution id="48361205-edb1-4da3-9482-77a0a546c777" />
      <TestMethod codeBase="D:/aspose/swagger/swagger-codegen-2.0.17/aspose/csharp/TasksTest/bin/Debug/TasksTest.DLL" adapterTypeName="Microsoft.VisualStudio.TestTools.TestTypes.Unit.UnitTestAdapter, Microsoft.VisualStudio.QualityTools.Tips.UnitTest.Adapter, Version=10.0.0.0, Culture=neutral, PublicKeyToken=b03f5f7f11d50a3a" className="TasksTest.TestTasksApi, TasksTest, Version=1.0.0.0, Culture=neutral, PublicKeyToken=null" name="TestGetDocumentProperty" />
    </UnitTest>
    <UnitTest name="TestGetProjectResources" storage="d:\aspose\swagger\swagger-codegen-2.0.17\aspose\csharp\taskstest\bin\debug\taskstest.dll" id="655a3c6b-a2dc-6847-0800-bf161f7ee1be">
      <Execution id="27c4718d-9977-41aa-82f7-6bb7e25e379f" />
      <TestMethod codeBase="D:/aspose/swagger/swagger-codegen-2.0.17/aspose/csharp/TasksTest/bin/Debug/TasksTest.DLL" adapterTypeName="Microsoft.VisualStudio.TestTools.TestTypes.Unit.UnitTestAdapter, Microsoft.VisualStudio.QualityTools.Tips.UnitTest.Adapter, Version=10.0.0.0, Culture=neutral, PublicKeyToken=b03f5f7f11d50a3a" className="TasksTest.TestTasksApi, TasksTest, Version=1.0.0.0, Culture=neutral, PublicKeyToken=null" name="TestGetProjectResources" />
    </UnitTest>
    <UnitTest name="TestGetProjectAssignments" storage="d:\aspose\swagger\swagger-codegen-2.0.17\aspose\csharp\taskstest\bin\debug\taskstest.dll" id="f3718897-d8be-32b0-d4f3-b4f5574ef150">
      <Execution id="eafc7a40-4fcb-4704-bbc1-929dd459f415" />
      <TestMethod codeBase="D:/aspose/swagger/swagger-codegen-2.0.17/aspose/csharp/TasksTest/bin/Debug/TasksTest.DLL" adapterTypeName="Microsoft.VisualStudio.TestTools.TestTypes.Unit.UnitTestAdapter, Microsoft.VisualStudio.QualityTools.Tips.UnitTest.Adapter, Version=10.0.0.0, Culture=neutral, PublicKeyToken=b03f5f7f11d50a3a" className="TasksTest.TestTasksApi, TasksTest, Version=1.0.0.0, Culture=neutral, PublicKeyToken=null" name="TestGetProjectAssignments" />
    </UnitTest>
    <UnitTest name="TestGetTaskDocumentWithFormat" storage="d:\aspose\swagger\swagger-codegen-2.0.17\aspose\csharp\taskstest\bin\debug\taskstest.dll" id="dd1bc063-939b-bf15-46b4-d89de2c0f4fc">
      <Execution id="1ee1e6ea-fea9-4c75-b16d-3d6485aa279d" />
      <TestMethod codeBase="D:/aspose/swagger/swagger-codegen-2.0.17/aspose/csharp/TasksTest/bin/Debug/TasksTest.DLL" adapterTypeName="Microsoft.VisualStudio.TestTools.TestTypes.Unit.UnitTestAdapter, Microsoft.VisualStudio.QualityTools.Tips.UnitTest.Adapter, Version=10.0.0.0, Culture=neutral, PublicKeyToken=b03f5f7f11d50a3a" className="TasksTest.TestTasksApi, TasksTest, Version=1.0.0.0, Culture=neutral, PublicKeyToken=null" name="TestGetTaskDocumentWithFormat" />
    </UnitTest>
    <UnitTest name="TestGetReportPdf" storage="d:\aspose\swagger\swagger-codegen-2.0.17\aspose\csharp\taskstest\bin\debug\taskstest.dll" id="0b4b46f6-273c-e14f-0369-fda3c17aca30">
      <Execution id="c20b30c6-5406-46c1-9414-45dca4b744f6" />
      <TestMethod codeBase="D:/aspose/swagger/swagger-codegen-2.0.17/aspose/csharp/TasksTest/bin/Debug/TasksTest.DLL" adapterTypeName="Microsoft.VisualStudio.TestTools.TestTypes.Unit.UnitTestAdapter, Microsoft.VisualStudio.QualityTools.Tips.UnitTest.Adapter, Version=10.0.0.0, Culture=neutral, PublicKeyToken=b03f5f7f11d50a3a" className="TasksTest.TestTasksApi, TasksTest, Version=1.0.0.0, Culture=neutral, PublicKeyToken=null" name="TestGetReportPdf" />
    </UnitTest>
  </TestDefinitions>
  <TestLists>
    <TestList name="All Loaded Results" id="19431567-8539-422a-85d7-44ee4e166bda" />
    <TestList name="Lists of Results" id="8c43106b-9dc1-4907-a29f-aa66a61bf5b6" />
    <TestList name="GET" id="7d7a5b77-3197-4fbd-bce0-d274b520a012" parentListId="8c43106b-9dc1-4907-a29f-aa66a61bf5b6">
      <TestLinks>
        <TestLink id="f3718897-d8be-32b0-d4f3-b4f5574ef150" name="TestGetProjectAssignments" storage="d:\aspose\swagger\swagger-codegen-2.0.17\aspose\csharp\taskstest\bin\debug\taskstest.dll" type="Microsoft.VisualStudio.TestTools.TestTypes.Unit.UnitTestElement, Microsoft.VisualStudio.QualityTools.Tips.UnitTest.ObjectModel, Version=10.0.0.0, Culture=neutral, PublicKeyToken=b03f5f7f11d50a3a" />
        <TestLink id="c9acc799-ecd5-b90a-551b-4e06e875f6f4" name="TestGetDocumentProperties" storage="d:\aspose\swagger\swagger-codegen-2.0.17\aspose\csharp\taskstest\bin\debug\taskstest.dll" type="Microsoft.VisualStudio.TestTools.TestTypes.Unit.UnitTestElement, Microsoft.VisualStudio.QualityTools.Tips.UnitTest.ObjectModel, Version=10.0.0.0, Culture=neutral, PublicKeyToken=b03f5f7f11d50a3a" />
        <TestLink id="6c8a59a8-2ffe-e8c8-a3ec-7bbb6d4ea7b9" name="TestGetProjectAssignment" storage="d:\aspose\swagger\swagger-codegen-2.0.17\aspose\csharp\taskstest\bin\debug\taskstest.dll" type="Microsoft.VisualStudio.TestTools.TestTypes.Unit.UnitTestElement, Microsoft.VisualStudio.QualityTools.Tips.UnitTest.ObjectModel, Version=10.0.0.0, Culture=neutral, PublicKeyToken=b03f5f7f11d50a3a" />
        <TestLink id="e49f3b78-efd4-6f23-5072-88363128f704" name="TestGetCriticalPath" storage="d:\aspose\swagger\swagger-codegen-2.0.17\aspose\csharp\taskstest\bin\debug\taskstest.dll" type="Microsoft.VisualStudio.TestTools.TestTypes.Unit.UnitTestElement, Microsoft.VisualStudio.QualityTools.Tips.UnitTest.ObjectModel, Version=10.0.0.0, Culture=neutral, PublicKeyToken=b03f5f7f11d50a3a" />
        <TestLink id="fd1a00b0-0239-b155-a15c-4acde973db8b" name="TestGetProjectTask" storage="d:\aspose\swagger\swagger-codegen-2.0.17\aspose\csharp\taskstest\bin\debug\taskstest.dll" type="Microsoft.VisualStudio.TestTools.TestTypes.Unit.UnitTestElement, Microsoft.VisualStudio.QualityTools.Tips.UnitTest.ObjectModel, Version=10.0.0.0, Culture=neutral, PublicKeyToken=b03f5f7f11d50a3a" />
        <TestLink id="26b08786-691c-4a01-ac35-d7a3236e043f" name="TestGetOutlineCodes" storage="d:\aspose\swagger\swagger-codegen-2.0.17\aspose\csharp\taskstest\bin\debug\taskstest.dll" type="Microsoft.VisualStudio.TestTools.TestTypes.Unit.UnitTestElement, Microsoft.VisualStudio.QualityTools.Tips.UnitTest.ObjectModel, Version=10.0.0.0, Culture=neutral, PublicKeyToken=b03f5f7f11d50a3a" />
        <TestLink id="dd0d4818-0761-66e2-d6b8-f02821f04dba" name="TestGetOutlineCodeByIndex" storage="d:\aspose\swagger\swagger-codegen-2.0.17\aspose\csharp\taskstest\bin\debug\taskstest.dll" type="Microsoft.VisualStudio.TestTools.TestTypes.Unit.UnitTestElement, Microsoft.VisualStudio.QualityTools.Tips.UnitTest.ObjectModel, Version=10.0.0.0, Culture=neutral, PublicKeyToken=b03f5f7f11d50a3a" />
        <TestLink id="52f4c365-a4f1-4cb5-c09a-0202fdc31000" name="TestGetProjectResource" storage="d:\aspose\swagger\swagger-codegen-2.0.17\aspose\csharp\taskstest\bin\debug\taskstest.dll" type="Microsoft.VisualStudio.TestTools.TestTypes.Unit.UnitTestElement, Microsoft.VisualStudio.QualityTools.Tips.UnitTest.ObjectModel, Version=10.0.0.0, Culture=neutral, PublicKeyToken=b03f5f7f11d50a3a" />
        <TestLink id="5d3bc691-726e-a1ff-9d5f-2ef5f29aa64a" name="TestGetExtendedAttributeByIndex" storage="d:\aspose\swagger\swagger-codegen-2.0.17\aspose\csharp\taskstest\bin\debug\taskstest.dll" type="Microsoft.VisualStudio.TestTools.TestTypes.Unit.UnitTestElement, Microsoft.VisualStudio.QualityTools.Tips.UnitTest.ObjectModel, Version=10.0.0.0, Culture=neutral, PublicKeyToken=b03f5f7f11d50a3a" />
        <TestLink id="dd1bc063-939b-bf15-46b4-d89de2c0f4fc" name="TestGetTaskDocumentWithFormat" storage="d:\aspose\swagger\swagger-codegen-2.0.17\aspose\csharp\taskstest\bin\debug\taskstest.dll" type="Microsoft.VisualStudio.TestTools.TestTypes.Unit.UnitTestElement, Microsoft.VisualStudio.QualityTools.Tips.UnitTest.ObjectModel, Version=10.0.0.0, Culture=neutral, PublicKeyToken=b03f5f7f11d50a3a" />
        <TestLink id="2aff4414-9426-866f-7505-e1f90565ae3a" name="TestGetCalendarExceptions" storage="d:\aspose\swagger\swagger-codegen-2.0.17\aspose\csharp\taskstest\bin\debug\taskstest.dll" type="Microsoft.VisualStudio.TestTools.TestTypes.Unit.UnitTestElement, Microsoft.VisualStudio.QualityTools.Tips.UnitTest.ObjectModel, Version=10.0.0.0, Culture=neutral, PublicKeyToken=b03f5f7f11d50a3a" />
        <TestLink id="e38fcfd1-6dd6-2aa1-4be2-9084d599cb7a" name="TestGetTaskAssignments" storage="d:\aspose\swagger\swagger-codegen-2.0.17\aspose\csharp\taskstest\bin\debug\taskstest.dll" type="Microsoft.VisualStudio.TestTools.TestTypes.Unit.UnitTestElement, Microsoft.VisualStudio.QualityTools.Tips.UnitTest.ObjectModel, Version=10.0.0.0, Culture=neutral, PublicKeyToken=b03f5f7f11d50a3a" />
        <TestLink id="2003ea5e-d9d2-1489-0839-1f0fa68a7dc0" name="TestGetProjectCalendar" storage="d:\aspose\swagger\swagger-codegen-2.0.17\aspose\csharp\taskstest\bin\debug\taskstest.dll" type="Microsoft.VisualStudio.TestTools.TestTypes.Unit.UnitTestElement, Microsoft.VisualStudio.QualityTools.Tips.UnitTest.ObjectModel, Version=10.0.0.0, Culture=neutral, PublicKeyToken=b03f5f7f11d50a3a" />
        <TestLink id="7e7f6f6e-f10b-6b2c-f69d-371ceb024a84" name="TestGetProjectWbsDefinition" storage="d:\aspose\swagger\swagger-codegen-2.0.17\aspose\csharp\taskstest\bin\debug\taskstest.dll" type="Microsoft.VisualStudio.TestTools.TestTypes.Unit.UnitTestElement, Microsoft.VisualStudio.QualityTools.Tips.UnitTest.ObjectModel, Version=10.0.0.0, Culture=neutral, PublicKeyToken=b03f5f7f11d50a3a" />
        <TestLink id="7fa7562c-6eaf-c139-263b-f4cdac6a7a6e" name="TestGetTaskRecurringInfo" storage="d:\aspose\swagger\swagger-codegen-2.0.17\aspose\csharp\taskstest\bin\debug\taskstest.dll" type="Microsoft.VisualStudio.TestTools.TestTypes.Unit.UnitTestElement, Microsoft.VisualStudio.QualityTools.Tips.UnitTest.ObjectModel, Version=10.0.0.0, Culture=neutral, PublicKeyToken=b03f5f7f11d50a3a" />
        <TestLink id="747b005f-92df-0491-2170-7c7f97af650f" name="TestGetTaskLinks" storage="d:\aspose\swagger\swagger-codegen-2.0.17\aspose\csharp\taskstest\bin\debug\taskstest.dll" type="Microsoft.VisualStudio.TestTools.TestTypes.Unit.UnitTestElement, Microsoft.VisualStudio.QualityTools.Tips.UnitTest.ObjectModel, Version=10.0.0.0, Culture=neutral, PublicKeyToken=b03f5f7f11d50a3a" />
        <TestLink id="f5f2dd5a-3482-de21-3b6a-f66f5988a505" name="TestGetTaskDocument" storage="d:\aspose\swagger\swagger-codegen-2.0.17\aspose\csharp\taskstest\bin\debug\taskstest.dll" type="Microsoft.VisualStudio.TestTools.TestTypes.Unit.UnitTestElement, Microsoft.VisualStudio.QualityTools.Tips.UnitTest.ObjectModel, Version=10.0.0.0, Culture=neutral, PublicKeyToken=b03f5f7f11d50a3a" />
        <TestLink id="a9087dc2-0995-18b4-70d7-712fa8a8b4fc" name="TestGetExtendedAttributes" storage="d:\aspose\swagger\swagger-codegen-2.0.17\aspose\csharp\taskstest\bin\debug\taskstest.dll" type="Microsoft.VisualStudio.TestTools.TestTypes.Unit.UnitTestElement, Microsoft.VisualStudio.QualityTools.Tips.UnitTest.ObjectModel, Version=10.0.0.0, Culture=neutral, PublicKeyToken=b03f5f7f11d50a3a" />
        <TestLink id="d76b4a2f-bef5-bfc9-2de5-797168c16b5e" name="TestGetResourceAssignments" storage="d:\aspose\swagger\swagger-codegen-2.0.17\aspose\csharp\taskstest\bin\debug\taskstest.dll" type="Microsoft.VisualStudio.TestTools.TestTypes.Unit.UnitTestElement, Microsoft.VisualStudio.QualityTools.Tips.UnitTest.ObjectModel, Version=10.0.0.0, Culture=neutral, PublicKeyToken=b03f5f7f11d50a3a" />
        <TestLink id="201d4959-a5df-a3e5-23fa-72fdc5162e83" name="TestGetDocumentProperty" storage="d:\aspose\swagger\swagger-codegen-2.0.17\aspose\csharp\taskstest\bin\debug\taskstest.dll" type="Microsoft.VisualStudio.TestTools.TestTypes.Unit.UnitTestElement, Microsoft.VisualStudio.QualityTools.Tips.UnitTest.ObjectModel, Version=10.0.0.0, Culture=neutral, PublicKeyToken=b03f5f7f11d50a3a" />
        <TestLink id="655a3c6b-a2dc-6847-0800-bf161f7ee1be" name="TestGetProjectResources" storage="d:\aspose\swagger\swagger-codegen-2.0.17\aspose\csharp\taskstest\bin\debug\taskstest.dll" type="Microsoft.VisualStudio.TestTools.TestTypes.Unit.UnitTestElement, Microsoft.VisualStudio.QualityTools.Tips.UnitTest.ObjectModel, Version=10.0.0.0, Culture=neutral, PublicKeyToken=b03f5f7f11d50a3a" />
        <TestLink id="4b444b04-a176-4f7c-acb0-bae7f625cc44" name="TestGetRiskAnalysisReport" storage="d:\aspose\swagger\swagger-codegen-2.0.17\aspose\csharp\taskstest\bin\debug\taskstest.dll" type="Microsoft.VisualStudio.TestTools.TestTypes.Unit.UnitTestElement, Microsoft.VisualStudio.QualityTools.Tips.UnitTest.ObjectModel, Version=10.0.0.0, Culture=neutral, PublicKeyToken=b03f5f7f11d50a3a" />
        <TestLink id="6c985809-4a24-78e1-4a61-efffb1040fa2" name="TestGetProjectCalendars" storage="d:\aspose\swagger\swagger-codegen-2.0.17\aspose\csharp\taskstest\bin\debug\taskstest.dll" type="Microsoft.VisualStudio.TestTools.TestTypes.Unit.UnitTestElement, Microsoft.VisualStudio.QualityTools.Tips.UnitTest.ObjectModel, Version=10.0.0.0, Culture=neutral, PublicKeyToken=b03f5f7f11d50a3a" />
        <TestLink id="17cbb7bc-1558-ac02-4cef-e556d773f25c" name="TestGetProjectTasks" storage="d:\aspose\swagger\swagger-codegen-2.0.17\aspose\csharp\taskstest\bin\debug\taskstest.dll" type="Microsoft.VisualStudio.TestTools.TestTypes.Unit.UnitTestElement, Microsoft.VisualStudio.QualityTools.Tips.UnitTest.ObjectModel, Version=10.0.0.0, Culture=neutral, PublicKeyToken=b03f5f7f11d50a3a" />
        <TestLink id="0b4b46f6-273c-e14f-0369-fda3c17aca30" name="TestGetReportPdf" storage="d:\aspose\swagger\swagger-codegen-2.0.17\aspose\csharp\taskstest\bin\debug\taskstest.dll" type="Microsoft.VisualStudio.TestTools.TestTypes.Unit.UnitTestElement, Microsoft.VisualStudio.QualityTools.Tips.UnitTest.ObjectModel, Version=10.0.0.0, Culture=neutral, PublicKeyToken=b03f5f7f11d50a3a" />
      </TestLinks>
    </TestList>
  </TestLists>
  <TestEntries>
    <TestEntry testId="2003ea5e-d9d2-1489-0839-1f0fa68a7dc0" executionId="d7c3faa5-a26c-4c15-9cae-db56eb5f1c2e" testListId="7d7a5b77-3197-4fbd-bce0-d274b520a012" />
    <TestEntry testId="f5f2dd5a-3482-de21-3b6a-f66f5988a505" executionId="e08dd693-43b5-4d67-b5ad-bac45348c25a" testListId="7d7a5b77-3197-4fbd-bce0-d274b520a012" />
    <TestEntry testId="2aff4414-9426-866f-7505-e1f90565ae3a" executionId="64a6f10b-213b-41ea-8821-28003c398ad3" testListId="7d7a5b77-3197-4fbd-bce0-d274b520a012" />
    <TestEntry testId="17cbb7bc-1558-ac02-4cef-e556d773f25c" executionId="6d47fd4b-50d0-49c7-a081-1791e425f182" testListId="7d7a5b77-3197-4fbd-bce0-d274b520a012" />
    <TestEntry testId="fd1a00b0-0239-b155-a15c-4acde973db8b" executionId="9c93d22d-2c11-4e36-b6aa-b62c9e368a3c" testListId="7d7a5b77-3197-4fbd-bce0-d274b520a012" />
    <TestEntry testId="5d3bc691-726e-a1ff-9d5f-2ef5f29aa64a" executionId="2aee156f-1e78-4d66-88e4-8cc4f11d88e7" testListId="7d7a5b77-3197-4fbd-bce0-d274b520a012" />
    <TestEntry testId="e49f3b78-efd4-6f23-5072-88363128f704" executionId="b077cec9-2797-4905-938e-e16bd435b9df" testListId="7d7a5b77-3197-4fbd-bce0-d274b520a012" />
    <TestEntry testId="f3718897-d8be-32b0-d4f3-b4f5574ef150" executionId="eafc7a40-4fcb-4704-bbc1-929dd459f415" testListId="7d7a5b77-3197-4fbd-bce0-d274b520a012" />
    <TestEntry testId="0b4b46f6-273c-e14f-0369-fda3c17aca30" executionId="c20b30c6-5406-46c1-9414-45dca4b744f6" testListId="7d7a5b77-3197-4fbd-bce0-d274b520a012" />
    <TestEntry testId="7e7f6f6e-f10b-6b2c-f69d-371ceb024a84" executionId="1df30954-1a8d-4193-b867-5b93b5451cfc" testListId="7d7a5b77-3197-4fbd-bce0-d274b520a012" />
    <TestEntry testId="6c985809-4a24-78e1-4a61-efffb1040fa2" executionId="ca400d66-c0eb-4be4-9145-7011b06a3f3a" testListId="7d7a5b77-3197-4fbd-bce0-d274b520a012" />
    <TestEntry testId="e38fcfd1-6dd6-2aa1-4be2-9084d599cb7a" executionId="b8801f6c-380e-4c81-bed9-3387630472de" testListId="7d7a5b77-3197-4fbd-bce0-d274b520a012" />
    <TestEntry testId="c9acc799-ecd5-b90a-551b-4e06e875f6f4" executionId="fea9a060-37f5-4689-992a-820d8c275864" testListId="7d7a5b77-3197-4fbd-bce0-d274b520a012" />
    <TestEntry testId="7fa7562c-6eaf-c139-263b-f4cdac6a7a6e" executionId="d46ffe02-ee81-4236-ab3b-1248e16205f4" testListId="7d7a5b77-3197-4fbd-bce0-d274b520a012" />
    <TestEntry testId="52f4c365-a4f1-4cb5-c09a-0202fdc31000" executionId="ce608034-3cf9-484e-b950-1f795f2c8401" testListId="7d7a5b77-3197-4fbd-bce0-d274b520a012" />
    <TestEntry testId="dd1bc063-939b-bf15-46b4-d89de2c0f4fc" executionId="1ee1e6ea-fea9-4c75-b16d-3d6485aa279d" testListId="7d7a5b77-3197-4fbd-bce0-d274b520a012" />
    <TestEntry testId="26b08786-691c-4a01-ac35-d7a3236e043f" executionId="1cf602a3-9c0f-4371-8a54-1411fa3cc79b" testListId="7d7a5b77-3197-4fbd-bce0-d274b520a012" />
    <TestEntry testId="655a3c6b-a2dc-6847-0800-bf161f7ee1be" executionId="27c4718d-9977-41aa-82f7-6bb7e25e379f" testListId="7d7a5b77-3197-4fbd-bce0-d274b520a012" />
    <TestEntry testId="4b444b04-a176-4f7c-acb0-bae7f625cc44" executionId="380a8f18-aa08-4a4a-a203-c192ab823f3c" testListId="7d7a5b77-3197-4fbd-bce0-d274b520a012" />
    <TestEntry testId="d76b4a2f-bef5-bfc9-2de5-797168c16b5e" executionId="d06520a4-ad92-4f83-b71f-380d644099dd" testListId="7d7a5b77-3197-4fbd-bce0-d274b520a012" />
    <TestEntry testId="201d4959-a5df-a3e5-23fa-72fdc5162e83" executionId="48361205-edb1-4da3-9482-77a0a546c777" testListId="7d7a5b77-3197-4fbd-bce0-d274b520a012" />
    <TestEntry testId="6c8a59a8-2ffe-e8c8-a3ec-7bbb6d4ea7b9" executionId="ffa4643b-8e35-40e1-b42f-54f870ffc3f4" testListId="7d7a5b77-3197-4fbd-bce0-d274b520a012" />
    <TestEntry testId="a9087dc2-0995-18b4-70d7-712fa8a8b4fc" executionId="2e4f3084-9785-4cea-b0fa-6a32dbc02a62" testListId="7d7a5b77-3197-4fbd-bce0-d274b520a012" />
    <TestEntry testId="dd0d4818-0761-66e2-d6b8-f02821f04dba" executionId="b19463b7-e360-4510-8982-e747c8eaa650" testListId="7d7a5b77-3197-4fbd-bce0-d274b520a012" />
    <TestEntry testId="747b005f-92df-0491-2170-7c7f97af650f" executionId="4d2b4319-9cc8-4d3c-8501-89e807635a31" testListId="7d7a5b77-3197-4fbd-bce0-d274b520a012" />
  </TestEntries>
  <Results>
    <UnitTestResult executionId="d7c3faa5-a26c-4c15-9cae-db56eb5f1c2e" testId="2003ea5e-d9d2-1489-0839-1f0fa68a7dc0" testName="TestGetProjectCalendar" computerName="IMRAN_430" duration="00:00:06.0152486" startTime="2016-02-18T17:06:37.2372257+05:00" endTime="2016-02-18T17:06:43.4635676+05:00" testType="13cdc9d9-ddb5-4fa4-a97d-d965ccfc6d4b" outcome="Passed" testListId="7d7a5b77-3197-4fbd-bce0-d274b520a012" relativeResultsDirectory="d7c3faa5-a26c-4c15-9cae-db56eb5f1c2e">
    </UnitTestResult>
    <UnitTestResult executionId="e08dd693-43b5-4d67-b5ad-bac45348c25a" testId="f5f2dd5a-3482-de21-3b6a-f66f5988a505" testName="TestGetTaskDocument" computerName="IMRAN_430" duration="00:00:04.2839142" startTime="2016-02-18T17:06:43.4655702+05:00" endTime="2016-02-18T17:06:47.7518617+05:00" testType="13cdc9d9-ddb5-4fa4-a97d-d965ccfc6d4b" outcome="Passed" testListId="7d7a5b77-3197-4fbd-bce0-d274b520a012" relativeResultsDirectory="e08dd693-43b5-4d67-b5ad-bac45348c25a">
    </UnitTestResult>
    <UnitTestResult executionId="64a6f10b-213b-41ea-8821-28003c398ad3" testId="2aff4414-9426-866f-7505-e1f90565ae3a" testName="TestGetCalendarExceptions" computerName="IMRAN_430" duration="00:00:04.3377526" startTime="2016-02-18T17:06:47.7548575+05:00" endTime="2016-02-18T17:06:52.0994453+05:00" testType="13cdc9d9-ddb5-4fa4-a97d-d965ccfc6d4b" outcome="Passed" testListId="7d7a5b77-3197-4fbd-bce0-d274b520a012" relativeResultsDirectory="64a6f10b-213b-41ea-8821-28003c398ad3">
    </UnitTestResult>
    <UnitTestResult executionId="6d47fd4b-50d0-49c7-a081-1791e425f182" testId="17cbb7bc-1558-ac02-4cef-e556d773f25c" testName="TestGetProjectTasks" computerName="IMRAN_430" duration="00:00:04.3555024" startTime="2016-02-18T17:06:52.1004464+05:00" endTime="2016-02-18T17:06:56.4608031+05:00" testType="13cdc9d9-ddb5-4fa4-a97d-d965ccfc6d4b" outcome="Passed" testListId="7d7a5b77-3197-4fbd-bce0-d274b520a012" relativeResultsDirectory="6d47fd4b-50d0-49c7-a081-1791e425f182">
    </UnitTestResult>
    <UnitTestResult executionId="9c93d22d-2c11-4e36-b6aa-b62c9e368a3c" testId="fd1a00b0-0239-b155-a15c-4acde973db8b" testName="TestGetProjectTask" computerName="IMRAN_430" duration="00:00:04.4478709" startTime="2016-02-18T17:06:56.4637776+05:00" endTime="2016-02-18T17:07:00.9187814+05:00" testType="13cdc9d9-ddb5-4fa4-a97d-d965ccfc6d4b" outcome="Passed" testListId="7d7a5b77-3197-4fbd-bce0-d274b520a012" relativeResultsDirectory="9c93d22d-2c11-4e36-b6aa-b62c9e368a3c">
    </UnitTestResult>
    <UnitTestResult executionId="2aee156f-1e78-4d66-88e4-8cc4f11d88e7" testId="5d3bc691-726e-a1ff-9d5f-2ef5f29aa64a" testName="TestGetExtendedAttributeByIndex" computerName="IMRAN_430" duration="00:00:04.4799870" startTime="2016-02-18T17:07:00.9197643+05:00" endTime="2016-02-18T17:07:05.4016008+05:00" testType="13cdc9d9-ddb5-4fa4-a97d-d965ccfc6d4b" outcome="Passed" testListId="7d7a5b77-3197-4fbd-bce0-d274b520a012" relativeResultsDirectory="2aee156f-1e78-4d66-88e4-8cc4f11d88e7">
    </UnitTestResult>
    <UnitTestResult executionId="b077cec9-2797-4905-938e-e16bd435b9df" testId="e49f3b78-efd4-6f23-5072-88363128f704" testName="TestGetCriticalPath" computerName="IMRAN_430" duration="00:00:04.3333905" startTime="2016-02-18T17:07:05.4045757+05:00" endTime="2016-02-18T17:07:09.7447829+05:00" testType="13cdc9d9-ddb5-4fa4-a97d-d965ccfc6d4b" outcome="Passed" testListId="7d7a5b77-3197-4fbd-bce0-d274b520a012" relativeResultsDirectory="b077cec9-2797-4905-938e-e16bd435b9df">
    </UnitTestResult>
    <UnitTestResult executionId="eafc7a40-4fcb-4704-bbc1-929dd459f415" testId="f3718897-d8be-32b0-d4f3-b4f5574ef150" testName="TestGetProjectAssignments" computerName="IMRAN_430" duration="00:00:04.4549216" startTime="2016-02-18T17:07:09.7477799+05:00" endTime="2016-02-18T17:07:14.2098561+05:00" testType="13cdc9d9-ddb5-4fa4-a97d-d965ccfc6d4b" outcome="Passed" testListId="7d7a5b77-3197-4fbd-bce0-d274b520a012" relativeResultsDirectory="eafc7a40-4fcb-4704-bbc1-929dd459f415">
    </UnitTestResult>
    <UnitTestResult executionId="c20b30c6-5406-46c1-9414-45dca4b744f6" testId="0b4b46f6-273c-e14f-0369-fda3c17aca30" testName="TestGetReportPdf" computerName="IMRAN_430" duration="00:00:05.5232759" startTime="2016-02-18T17:07:14.2700204+05:00" endTime="2016-02-18T17:07:19.8005848+05:00" testType="13cdc9d9-ddb5-4fa4-a97d-d965ccfc6d4b" outcome="Passed" testListId="7d7a5b77-3197-4fbd-bce0-d274b520a012" relativeResultsDirectory="c20b30c6-5406-46c1-9414-45dca4b744f6">
    </UnitTestResult>
    <UnitTestResult executionId="1df30954-1a8d-4193-b867-5b93b5451cfc" testId="7e7f6f6e-f10b-6b2c-f69d-371ceb024a84" testName="TestGetProjectWbsDefinition" computerName="IMRAN_430" duration="00:00:04.3147762" startTime="2016-02-18T17:07:19.8025578+05:00" endTime="2016-02-18T17:07:24.1250590+05:00" testType="13cdc9d9-ddb5-4fa4-a97d-d965ccfc6d4b" outcome="Passed" testListId="7d7a5b77-3197-4fbd-bce0-d274b520a012" relativeResultsDirectory="1df30954-1a8d-4193-b867-5b93b5451cfc">
    </UnitTestResult>
    <UnitTestResult executionId="ca400d66-c0eb-4be4-9145-7011b06a3f3a" testId="6c985809-4a24-78e1-4a61-efffb1040fa2" testName="TestGetProjectCalendars" computerName="IMRAN_430" duration="00:00:04.4955179" startTime="2016-02-18T17:07:24.1280339+05:00" endTime="2016-02-18T17:07:28.6317501+05:00" testType="13cdc9d9-ddb5-4fa4-a97d-d965ccfc6d4b" outcome="Passed" testListId="7d7a5b77-3197-4fbd-bce0-d274b520a012" relativeResultsDirectory="ca400d66-c0eb-4be4-9145-7011b06a3f3a">
    </UnitTestResult>
    <UnitTestResult executionId="b8801f6c-380e-4c81-bed9-3387630472de" testId="e38fcfd1-6dd6-2aa1-4be2-9084d599cb7a" testName="TestGetTaskAssignments" computerName="IMRAN_430" duration="00:00:04.6413703" startTime="2016-02-18T17:07:28.6337223+05:00" endTime="2016-02-18T17:07:33.2835649+05:00" testType="13cdc9d9-ddb5-4fa4-a97d-d965ccfc6d4b" outcome="Passed" testListId="7d7a5b77-3197-4fbd-bce0-d274b520a012" relativeResultsDirectory="b8801f6c-380e-4c81-bed9-3387630472de">
    </UnitTestResult>
    <UnitTestResult executionId="fea9a060-37f5-4689-992a-820d8c275864" testId="c9acc799-ecd5-b90a-551b-4e06e875f6f4" testName="TestGetDocumentProperties" computerName="IMRAN_430" duration="00:00:04.3234147" startTime="2016-02-18T17:07:33.2845660+05:00" endTime="2016-02-18T17:07:37.6106749+05:00" testType="13cdc9d9-ddb5-4fa4-a97d-d965ccfc6d4b" outcome="Passed" testListId="7d7a5b77-3197-4fbd-bce0-d274b520a012" relativeResultsDirectory="fea9a060-37f5-4689-992a-820d8c275864">
    </UnitTestResult>
    <UnitTestResult executionId="d46ffe02-ee81-4236-ab3b-1248e16205f4" testId="7fa7562c-6eaf-c139-263b-f4cdac6a7a6e" testName="TestGetTaskRecurringInfo" computerName="IMRAN_430" duration="00:00:04.4161732" startTime="2016-02-18T17:07:37.6126585+05:00" endTime="2016-02-18T17:07:42.0330576+05:00" testType="13cdc9d9-ddb5-4fa4-a97d-d965ccfc6d4b" outcome="Passed" testListId="7d7a5b77-3197-4fbd-bce0-d274b520a012" relativeResultsDirectory="d46ffe02-ee81-4236-ab3b-1248e16205f4">
    </UnitTestResult>
    <UnitTestResult executionId="ce608034-3cf9-484e-b950-1f795f2c8401" testId="52f4c365-a4f1-4cb5-c09a-0202fdc31000" testName="TestGetProjectResource" computerName="IMRAN_430" duration="00:00:04.3556536" startTime="2016-02-18T17:07:42.0360530+05:00" endTime="2016-02-18T17:07:46.3987692+05:00" testType="13cdc9d9-ddb5-4fa4-a97d-d965ccfc6d4b" outcome="Passed" testListId="7d7a5b77-3197-4fbd-bce0-d274b520a012" relativeResultsDirectory="ce608034-3cf9-484e-b950-1f795f2c8401">
    </UnitTestResult>
    <UnitTestResult executionId="1ee1e6ea-fea9-4c75-b16d-3d6485aa279d" testId="dd1bc063-939b-bf15-46b4-d89de2c0f4fc" testName="TestGetTaskDocumentWithFormat" computerName="IMRAN_430" duration="00:00:06.9373798" startTime="2016-02-18T17:07:46.3997691+05:00" endTime="2016-02-18T17:07:53.3392744+05:00" testType="13cdc9d9-ddb5-4fa4-a97d-d965ccfc6d4b" outcome="Passed" testListId="7d7a5b77-3197-4fbd-bce0-d274b520a012" relativeResultsDirectory="1ee1e6ea-fea9-4c75-b16d-3d6485aa279d">
    </UnitTestResult>
    <UnitTestResult executionId="1cf602a3-9c0f-4371-8a54-1411fa3cc79b" testId="26b08786-691c-4a01-ac35-d7a3236e043f" testName="TestGetOutlineCodes" computerName="IMRAN_430" duration="00:00:04.4005468" startTime="2016-02-18T17:07:53.3402605+05:00" endTime="2016-02-18T17:07:57.7434356+05:00" testType="13cdc9d9-ddb5-4fa4-a97d-d965ccfc6d4b" outcome="Passed" testListId="7d7a5b77-3197-4fbd-bce0-d274b520a012" relativeResultsDirectory="1cf602a3-9c0f-4371-8a54-1411fa3cc79b">
    </UnitTestResult>
    <UnitTestResult executionId="27c4718d-9977-41aa-82f7-6bb7e25e379f" testId="655a3c6b-a2dc-6847-0800-bf161f7ee1be" testName="TestGetProjectResources" computerName="IMRAN_430" duration="00:00:04.2040903" startTime="2016-02-18T17:07:57.7494126+05:00" endTime="2016-02-18T17:08:01.9600720+05:00" testType="13cdc9d9-ddb5-4fa4-a97d-d965ccfc6d4b" outcome="Passed" testListId="7d7a5b77-3197-4fbd-bce0-d274b520a012" relativeResultsDirectory="27c4718d-9977-41aa-82f7-6bb7e25e379f">
    </UnitTestResult>
    <UnitTestResult executionId="380a8f18-aa08-4a4a-a203-c192ab823f3c" testId="4b444b04-a176-4f7c-acb0-bae7f625cc44" testName="TestGetRiskAnalysisReport" computerName="IMRAN_430" duration="00:00:05.7896986" startTime="2016-02-18T17:08:01.9630730+05:00" endTime="2016-02-18T17:08:07.7596731+05:00" testType="13cdc9d9-ddb5-4fa4-a97d-d965ccfc6d4b" outcome="Passed" testListId="7d7a5b77-3197-4fbd-bce0-d274b520a012" relativeResultsDirectory="380a8f18-aa08-4a4a-a203-c192ab823f3c">
    </UnitTestResult>
    <UnitTestResult executionId="d06520a4-ad92-4f83-b71f-380d644099dd" testId="d76b4a2f-bef5-bfc9-2de5-797168c16b5e" testName="TestGetResourceAssignments" computerName="IMRAN_430" duration="00:00:04.2842679" startTime="2016-02-18T17:08:07.7616741+05:00" endTime="2016-02-18T17:08:12.0503057+05:00" testType="13cdc9d9-ddb5-4fa4-a97d-d965ccfc6d4b" outcome="Passed" testListId="7d7a5b77-3197-4fbd-bce0-d274b520a012" relativeResultsDirectory="d06520a4-ad92-4f83-b71f-380d644099dd">
    </UnitTestResult>
    <UnitTestResult executionId="48361205-edb1-4da3-9482-77a0a546c777" testId="201d4959-a5df-a3e5-23fa-72fdc5162e83" testName="TestGetDocumentProperty" computerName="IMRAN_430" duration="00:00:04.3520739" startTime="2016-02-18T17:08:12.0523039+05:00" endTime="2016-02-18T17:08:16.4091339+05:00" testType="13cdc9d9-ddb5-4fa4-a97d-d965ccfc6d4b" outcome="Passed" testListId="7d7a5b77-3197-4fbd-bce0-d274b520a012" relativeResultsDirectory="48361205-edb1-4da3-9482-77a0a546c777">
    </UnitTestResult>
    <UnitTestResult executionId="ffa4643b-8e35-40e1-b42f-54f870ffc3f4" testId="6c8a59a8-2ffe-e8c8-a3ec-7bbb6d4ea7b9" testName="TestGetProjectAssignment" computerName="IMRAN_430" duration="00:00:04.3059897" startTime="2016-02-18T17:08:16.4111286+05:00" endTime="2016-02-18T17:08:20.7234819+05:00" testType="13cdc9d9-ddb5-4fa4-a97d-d965ccfc6d4b" outcome="Passed" testListId="7d7a5b77-3197-4fbd-bce0-d274b520a012" relativeResultsDirectory="ffa4643b-8e35-40e1-b42f-54f870ffc3f4">
    </UnitTestResult>
    <UnitTestResult executionId="2e4f3084-9785-4cea-b0fa-6a32dbc02a62" testId="a9087dc2-0995-18b4-70d7-712fa8a8b4fc" testName="TestGetExtendedAttributes" computerName="IMRAN_430" duration="00:00:04.2658549" startTime="2016-02-18T17:08:20.7264560+05:00" endTime="2016-02-18T17:08:24.9997126+05:00" testType="13cdc9d9-ddb5-4fa4-a97d-d965ccfc6d4b" outcome="Passed" testListId="7d7a5b77-3197-4fbd-bce0-d274b520a012" relativeResultsDirectory="2e4f3084-9785-4cea-b0fa-6a32dbc02a62">
    </UnitTestResult>
    <UnitTestResult executionId="b19463b7-e360-4510-8982-e747c8eaa650" testId="dd0d4818-0761-66e2-d6b8-f02821f04dba" testName="TestGetOutlineCodeByIndex" computerName="IMRAN_430" duration="00:00:04.6657634" startTime="2016-02-18T17:08:25.0027155+05:00" endTime="2016-02-18T17:08:29.6762130+05:00" testType="13cdc9d9-ddb5-4fa4-a97d-d965ccfc6d4b" outcome="Passed" testListId="7d7a5b77-3197-4fbd-bce0-d274b520a012" relativeResultsDirectory="b19463b7-e360-4510-8982-e747c8eaa650">
    </UnitTestResult>
    <UnitTestResult executionId="4d2b4319-9cc8-4d3c-8501-89e807635a31" testId="747b005f-92df-0491-2170-7c7f97af650f" testName="TestGetTaskLinks" computerName="IMRAN_430" duration="00:00:04.3010817" startTime="2016-02-18T17:08:29.6781880+05:00" endTime="2016-02-18T17:08:33.9867476+05:00" testType="13cdc9d9-ddb5-4fa4-a97d-d965ccfc6d4b" outcome="Passed" testListId="7d7a5b77-3197-4fbd-bce0-d274b520a012" relativeResultsDirectory="4d2b4319-9cc8-4d3c-8501-89e807635a31">
    </UnitTestResult>
  </Results>
</TestRun>